[2024-04-16T07:26:41.130+0000] {local_task_job_runner.py:120} INFO - ::group::Pre task execution logs
[2024-04-16T07:26:41.154+0000] {taskinstance.py:2073} INFO - Dependencies all met for dep_context=non-requeueable deps ti=<TaskInstance: hello_world.hello_world manual__2024-04-16T07:26:17.146676+00:00 [queued]>
[2024-04-16T07:26:41.164+0000] {taskinstance.py:2073} INFO - Dependencies all met for dep_context=requeueable deps ti=<TaskInstance: hello_world.hello_world manual__2024-04-16T07:26:17.146676+00:00 [queued]>
[2024-04-16T07:26:41.166+0000] {taskinstance.py:2303} INFO - Starting attempt 1 of 1
[2024-04-16T07:26:41.191+0000] {taskinstance.py:2327} INFO - Executing <Task(BashOperator): hello_world> on 2024-04-16 07:26:17.146676+00:00
[2024-04-16T07:26:41.202+0000] {warnings.py:110} WARNING - /home/***/.local/lib/python3.12/site-packages/***/task/task_runner/standard_task_runner.py:61: DeprecationWarning: This process (pid=130) is multi-threaded, use of fork() may lead to deadlocks in the child.
  pid = os.fork()

[2024-04-16T07:26:41.205+0000] {standard_task_runner.py:63} INFO - Started process 131 to run task
[2024-04-16T07:26:41.203+0000] {standard_task_runner.py:90} INFO - Running: ['***', 'tasks', 'run', 'hello_world', 'hello_world', 'manual__2024-04-16T07:26:17.146676+00:00', '--job-id', '6', '--raw', '--subdir', 'DAGS_FOLDER/hello_word_dag.py', '--cfg-path', '/tmp/tmp3vny5gw6']
[2024-04-16T07:26:41.206+0000] {standard_task_runner.py:91} INFO - Job 6: Subtask hello_world
[2024-04-16T07:26:41.269+0000] {task_command.py:426} INFO - Running <TaskInstance: hello_world.hello_world manual__2024-04-16T07:26:17.146676+00:00 [running]> on host b3ab91a725a8
[2024-04-16T07:26:41.442+0000] {taskinstance.py:2644} INFO - Exporting env vars: AIRFLOW_CTX_DAG_OWNER='KuzmenkoSV' AIRFLOW_CTX_DAG_ID='hello_world' AIRFLOW_CTX_TASK_ID='hello_world' AIRFLOW_CTX_EXECUTION_DATE='2024-04-16T07:26:17.146676+00:00' AIRFLOW_CTX_TRY_NUMBER='1' AIRFLOW_CTX_DAG_RUN_ID='manual__2024-04-16T07:26:17.146676+00:00'
[2024-04-16T07:26:41.443+0000] {taskinstance.py:430} INFO - ::endgroup::
[2024-04-16T07:26:41.458+0000] {subprocess.py:63} INFO - Tmp dir root location: /tmp
[2024-04-16T07:26:41.460+0000] {subprocess.py:75} INFO - Running command: ['/usr/bin/bash', '-c', 'echo hello world!']
[2024-04-16T07:26:41.473+0000] {subprocess.py:86} INFO - Output:
[2024-04-16T07:26:41.474+0000] {subprocess.py:93} INFO - hello world!
[2024-04-16T07:26:41.475+0000] {subprocess.py:97} INFO - Command exited with return code 0
[2024-04-16T07:26:41.476+0000] {taskinstance.py:441} INFO - ::group::Post task execution logs
[2024-04-16T07:26:41.512+0000] {taskinstance.py:1205} INFO - Marking task as SUCCESS. dag_id=hello_world, task_id=hello_world, execution_date=20240416T072617, start_date=20240416T072641, end_date=20240416T072641
[2024-04-16T07:26:41.582+0000] {local_task_job_runner.py:240} INFO - Task exited with return code 0
[2024-04-16T07:26:41.622+0000] {taskinstance.py:3482} INFO - 0 downstream tasks scheduled from follow-on schedule check
[2024-04-16T07:26:41.628+0000] {local_task_job_runner.py:222} INFO - ::endgroup::
