[2024-04-16T07:26:36.892+0000] {local_task_job_runner.py:120} INFO - ::group::Pre task execution logs
[2024-04-16T07:26:37.027+0000] {taskinstance.py:2073} INFO - Dependencies all met for dep_context=non-requeueable deps ti=<TaskInstance: hello_world.hello_world scheduled__2024-04-15T00:00:00+00:00 [queued]>
[2024-04-16T07:26:37.064+0000] {taskinstance.py:2073} INFO - Dependencies all met for dep_context=requeueable deps ti=<TaskInstance: hello_world.hello_world scheduled__2024-04-15T00:00:00+00:00 [queued]>
[2024-04-16T07:26:37.065+0000] {taskinstance.py:2303} INFO - Starting attempt 1 of 1
[2024-04-16T07:26:37.093+0000] {taskinstance.py:2327} INFO - Executing <Task(BashOperator): hello_world> on 2024-04-15 00:00:00+00:00
[2024-04-16T07:26:37.105+0000] {warnings.py:110} WARNING - /home/***/.local/lib/python3.12/site-packages/***/task/task_runner/standard_task_runner.py:61: DeprecationWarning: This process (pid=127) is multi-threaded, use of fork() may lead to deadlocks in the child.
  pid = os.fork()

[2024-04-16T07:26:37.110+0000] {standard_task_runner.py:63} INFO - Started process 128 to run task
[2024-04-16T07:26:37.109+0000] {standard_task_runner.py:90} INFO - Running: ['***', 'tasks', 'run', 'hello_world', 'hello_world', 'scheduled__2024-04-15T00:00:00+00:00', '--job-id', '5', '--raw', '--subdir', 'DAGS_FOLDER/hello_word_dag.py', '--cfg-path', '/tmp/tmpwphac1ki']
[2024-04-16T07:26:37.112+0000] {standard_task_runner.py:91} INFO - Job 5: Subtask hello_world
[2024-04-16T07:26:37.186+0000] {task_command.py:426} INFO - Running <TaskInstance: hello_world.hello_world scheduled__2024-04-15T00:00:00+00:00 [running]> on host b3ab91a725a8
[2024-04-16T07:26:37.338+0000] {taskinstance.py:2644} INFO - Exporting env vars: AIRFLOW_CTX_DAG_OWNER='KuzmenkoSV' AIRFLOW_CTX_DAG_ID='hello_world' AIRFLOW_CTX_TASK_ID='hello_world' AIRFLOW_CTX_EXECUTION_DATE='2024-04-15T00:00:00+00:00' AIRFLOW_CTX_TRY_NUMBER='1' AIRFLOW_CTX_DAG_RUN_ID='scheduled__2024-04-15T00:00:00+00:00'
[2024-04-16T07:26:37.341+0000] {taskinstance.py:430} INFO - ::endgroup::
[2024-04-16T07:26:37.437+0000] {subprocess.py:63} INFO - Tmp dir root location: /tmp
[2024-04-16T07:26:37.443+0000] {subprocess.py:75} INFO - Running command: ['/usr/bin/bash', '-c', 'echo hello world!']
[2024-04-16T07:26:37.465+0000] {subprocess.py:86} INFO - Output:
[2024-04-16T07:26:37.478+0000] {subprocess.py:93} INFO - hello world!
[2024-04-16T07:26:37.480+0000] {subprocess.py:97} INFO - Command exited with return code 0
[2024-04-16T07:26:37.486+0000] {taskinstance.py:441} INFO - ::group::Post task execution logs
[2024-04-16T07:26:37.525+0000] {taskinstance.py:1205} INFO - Marking task as SUCCESS. dag_id=hello_world, task_id=hello_world, execution_date=20240415T000000, start_date=20240416T072637, end_date=20240416T072637
[2024-04-16T07:26:37.579+0000] {local_task_job_runner.py:240} INFO - Task exited with return code 0
[2024-04-16T07:26:37.606+0000] {taskinstance.py:3482} INFO - 0 downstream tasks scheduled from follow-on schedule check
[2024-04-16T07:26:37.610+0000] {local_task_job_runner.py:222} INFO - ::endgroup::
